# JRE version: Java(TM) SE Runtime Environment (8.0_161-b12) (build 1.8.0_161-b12)
# Java VM: Java HotSpot(TM) 64-Bit Server VM (25.161-b12 mixed mode windows-amd64 compressed oops)
Heap:
 PSYoungGen      total 279040K, used 171779K [0x00000000d6000000, 0x00000000e8600000, 0x0000000100000000)
  eden space 257024K, 64% used [0x00000000d6000000,0x00000000e024ad80,0x00000000e5b00000)
  from space 22016K, 25% used [0x00000000e7080000,0x00000000e75f6030,0x00000000e8600000)
  to   space 22016K, 0% used [0x00000000e5b00000,0x00000000e5b00000,0x00000000e7080000)
 ParOldGen       total 86016K, used 51151K [0x0000000082000000, 0x0000000087400000, 0x00000000d6000000)
  object space 86016K, 59% used [0x0000000082000000,0x00000000851f3e10,0x0000000087400000)
 Metaspace       used 8866K, capacity 9074K, committed 9344K, reserved 1056768K
  class space    used 1059K, capacity 1125K, committed 1152K, reserved 1048576K
GC Heap History (10 events):
Event: 1.183 GC heap before
{Heap before GC invocations=4 (full 0):
 PSYoungGen      total 37888K, used 37875K [0x00000000d6000000, 0x00000000daa00000, 0x0000000100000000)
  eden space 32768K, 100% used [0x00000000d6000000,0x00000000d8000000,0x00000000d8000000)
  from space 5120K, 99% used [0x00000000d8000000,0x00000000d84fce18,0x00000000d8500000)
  to   space 5120K, 0% used [0x00000000da500000,0x00000000da500000,0x00000000daa00000)
 ParOldGen       total 86016K, used 23856K [0x0000000082000000, 0x0000000087400000, 0x00000000d6000000)
  object space 86016K, 27% used [0x0000000082000000,0x000000008374c110,0x0000000087400000)
 Metaspace       used 8729K, capacity 8946K, committed 9088K, reserved 1056768K
  class space    used 1056K, capacity 1125K, committed 1152K, reserved 1048576K
Event: 1.191 GC heap after
Heap after GC invocations=4 (full 0):
 PSYoungGen      total 70656K, used 5107K [0x00000000d6000000, 0x00000000daa00000, 0x0000000100000000)
  eden space 65536K, 0% used [0x00000000d6000000,0x00000000d6000000,0x00000000da000000)
  from space 5120K, 99% used [0x00000000da500000,0x00000000da9fce18,0x00000000daa00000)
  to   space 5120K, 0% used [0x00000000da000000,0x00000000da000000,0x00000000da500000)
 ParOldGen       total 86016K, used 36552K [0x0000000082000000, 0x0000000087400000, 0x00000000d6000000)
  object space 86016K, 42% used [0x0000000082000000,0x00000000843b2180,0x0000000087400000)
 Metaspace       used 8729K, capacity 8946K, committed 9088K, reserved 1056768K
  class space    used 1056K, capacity 1125K, committed 1152K, reserved 1048576K
}
Event: 1.540 GC heap before
{Heap before GC invocations=5 (full 0):
 PSYoungGen      total 70656K, used 70643K [0x00000000d6000000, 0x00000000daa00000, 0x0000000100000000)
  eden space 65536K, 100% used [0x00000000d6000000,0x00000000da000000,0x00000000da000000)
  from space 5120K, 99% used [0x00000000da500000,0x00000000da9fce18,0x00000000daa00000)
  to   space 5120K, 0% used [0x00000000da000000,0x00000000da000000,0x00000000da500000)
 ParOldGen       total 86016K, used 36552K [0x0000000082000000, 0x0000000087400000, 0x00000000d6000000)
  object space 86016K, 42% used [0x0000000082000000,0x00000000843b2180,0x0000000087400000)
 Metaspace       used 8736K, capacity 8946K, committed 9088K, reserved 1056768K
  class space    used 1056K, capacity 1125K, committed 1152K, reserved 1048576K
Event: 1.546 GC heap after
Heap after GC invocations=5 (full 0):
 PSYoungGen      total 70656K, used 5107K [0x00000000d6000000, 0x00000000e0800000, 0x0000000100000000)
  eden space 65536K, 0% used [0x00000000d6000000,0x00000000d6000000,0x00000000da000000)
  from space 5120K, 99% used [0x00000000da000000,0x00000000da4fce18,0x00000000da500000)
  to   space 20480K, 0% used [0x00000000df400000,0x00000000df400000,0x00000000e0800000)
 ParOldGen       total 86016K, used 44291K [0x0000000082000000, 0x0000000087400000, 0x00000000d6000000)
  object space 86016K, 51% used [0x0000000082000000,0x0000000084b40fb8,0x0000000087400000)
 Metaspace       used 8736K, capacity 8946K, committed 9088K, reserved 1056768K
  class space    used 1056K, capacity 1125K, committed 1152K, reserved 1048576K
}
Event: 1.886 GC heap before
{Heap before GC invocations=6 (full 0):
 PSYoungGen      total 70656K, used 70643K [0x00000000d6000000, 0x00000000e0800000, 0x0000000100000000)
  eden space 65536K, 100% used [0x00000000d6000000,0x00000000da000000,0x00000000da000000)
  from space 5120K, 99% used [0x00000000da000000,0x00000000da4fce18,0x00000000da500000)
  to   space 20480K, 0% used [0x00000000df400000,0x00000000df400000,0x00000000e0800000)
 ParOldGen       total 86016K, used 44291K [0x0000000082000000, 0x0000000087400000, 0x00000000d6000000)
  object space 86016K, 51% used [0x0000000082000000,0x0000000084b40fb8,0x0000000087400000)
 Metaspace       used 8740K, capacity 8946K, committed 9088K, reserved 1056768K
  class space    used 1056K, capacity 1125K, committed 1152K, reserved 1048576K
Event: 1.892 GC heap after
Heap after GC invocations=6 (full 0):
 PSYoungGen      total 148992K, used 17771K [0x00000000d6000000, 0x00000000e0d00000, 0x0000000100000000)
  eden space 128512K, 0% used [0x00000000d6000000,0x00000000d6000000,0x00000000ddd80000)
  from space 20480K, 86% used [0x00000000df400000,0x00000000e055ae88,0x00000000e0800000)
  to   space 23040K, 0% used [0x00000000ddd80000,0x00000000ddd80000,0x00000000df400000)
 ParOldGen       total 86016K, used 44291K [0x0000000082000000, 0x0000000087400000, 0x00000000d6000000)
  object space 86016K, 51% used [0x0000000082000000,0x0000000084b40fb8,0x0000000087400000)
 Metaspace       used 8740K, capacity 8946K, committed 9088K, reserved 1056768K
  class space    used 1056K, capacity 1125K, committed 1152K, reserved 1048576K
}
Event: 2.577 GC heap before
{Heap before GC invocations=7 (full 0):
 PSYoungGen      total 148992K, used 145839K [0x00000000d6000000, 0x00000000e0d00000, 0x0000000100000000)
  eden space 128512K, 99% used [0x00000000d6000000,0x00000000ddd10e90,0x00000000ddd80000)
  from space 20480K, 86% used [0x00000000df400000,0x00000000e055ae88,0x00000000e0800000)
  to   space 23040K, 0% used [0x00000000ddd80000,0x00000000ddd80000,0x00000000df400000)
 ParOldGen       total 86016K, used 44291K [0x0000000082000000, 0x0000000087400000, 0x00000000d6000000)
  object space 86016K, 51% used [0x0000000082000000,0x0000000084b40fb8,0x0000000087400000)
 Metaspace       used 8754K, capacity 8946K, committed 9088K, reserved 1056768K
  class space    used 1056K, capacity 1125K, committed 1152K, reserved 1048576K
Event: 2.584 GC heap after
Heap after GC invocations=7 (full 0):
 PSYoungGen      total 151552K, used 9160K [0x00000000d6000000, 0x00000000e8600000, 0x0000000100000000)
  eden space 128512K, 0% used [0x00000000d6000000,0x00000000d6000000,0x00000000ddd80000)
  from space 23040K, 39% used [0x00000000ddd80000,0x00000000de672050,0x00000000df400000)
  to   space 22016K, 0% used [0x00000000e7080000,0x00000000e7080000,0x00000000e8600000)
 ParOldGen       total 86016K, used 47527K [0x0000000082000000, 0x0000000087400000, 0x00000000d6000000)
  object space 86016K, 55% used [0x0000000082000000,0x0000000084e69de0,0x0000000087400000)
 Metaspace       used 8754K, capacity 8946K, committed 9088K, reserved 1056768K
  class space    used 1056K, capacity 1125K, committed 1152K, reserved 1048576K
}
Event: 3.235 GC heap before
{Heap before GC invocations=8 (full 0):
 PSYoungGen      total 151552K, used 137672K [0x00000000d6000000, 0x00000000e8600000, 0x0000000100000000)
  eden space 128512K, 100% used [0x00000000d6000000,0x00000000ddd80000,0x00000000ddd80000)
  from space 23040K, 39% used [0x00000000ddd80000,0x00000000de672050,0x00000000df400000)
  to   space 22016K, 0% used [0x00000000e7080000,0x00000000e7080000,0x00000000e8600000)
 ParOldGen       total 86016K, used 47527K [0x0000000082000000, 0x0000000087400000, 0x00000000d6000000)
  object space 86016K, 55% used [0x0000000082000000,0x0000000084e69de0,0x0000000087400000)
 Metaspace       used 8761K, capacity 8946K, committed 9088K, reserved 1056768K
  class space    used 1056K, capacity 1125K, committed 1152K, reserved 1048576K
Event: 3.239 GC heap after
Heap after GC invocations=8 (full 0):
 PSYoungGen      total 279040K, used 5592K [0x00000000d6000000, 0x00000000e8600000, 0x0000000100000000)
  eden space 257024K, 0% used [0x00000000d6000000,0x00000000d6000000,0x00000000e5b00000)
  from space 22016K, 25% used [0x00000000e7080000,0x00000000e75f6030,0x00000000e8600000)
  to   space 22016K, 0% used [0x00000000e5b00000,0x00000000e5b00000,0x00000000e7080000)
 ParOldGen       total 86016K, used 51151K [0x0000000082000000, 0x0000000087400000, 0x00000000d6000000)
  object space 86016K, 59% used [0x0000000082000000,0x00000000851f3e10,0x0000000087400000)
 Metaspace       used 8761K, capacity 8946K, committed 9088K, reserved 1056768K
  class space    used 1056K, capacity 1125K, committed 1152K, reserved 1048576K
}

